{
  "RSpec": {
    "coverage": {
      "C:/Users/NickoDC/Desktop/firstCap/spec/event_spec.rb": [
        1,
        null,
        1,
        2,
        2,
        2,
        2,
        null
      ],
      "C:/Users/NickoDC/Desktop/firstCap/spec/rails_helper.rb": [
        null,
        1,
        1,
        1,
        null,
        1,
        1,
        1,
        null,
        null,
        null,
        null,
        null,
        null,
        null,
        null,
        null,
        null,
        null,
        null,
        null,
        null,
        null,
        null,
        null,
        null,
        null,
        1,
        null,
        1,
        null,
        1,
        null,
        null,
        null,
        null,
        1,
        null,
        null,
        null,
        null,
        null,
        null,
        null,
        null,
        null,
        null,
        null,
        null,
        null,
        null,
        1,
        null,
        null,
        1,
        null,
        null,
        null,
        null,
        1,
        1,
        1,
        1,
        null,
        null
      ],
      "C:/Users/NickoDC/Desktop/firstCap/config/environment.rb": [
        null,
        1,
        null,
        null,
        1
      ],
      "C:/Users/NickoDC/Desktop/firstCap/config/application.rb": [
        1,
        null,
        1,
        null,
        1,
        1,
        1,
        1,
        1,
        1,
        1,
        1,
        null,
        null,
        null,
        null,
        1,
        null,
        1,
        1,
        null,
        1,
        null,
        null,
        null,
        null,
        null,
        null,
        1,
        null,
        null
      ],
      "C:/Users/NickoDC/Desktop/firstCap/config/boot.rb": [
        1,
        null,
        1
      ],
      "C:/Users/NickoDC/Desktop/firstCap/config/environments/test.rb": [
        1,
        null,
        null,
        null,
        null,
        null,
        null,
        1,
        null,
        null,
        null,
        null,
        1,
        null,
        null,
        1,
        1,
        null,
        null,
        null,
        null,
        1,
        1,
        null,
        null,
        1,
        null,
        null,
        1,
        1,
        null,
        null,
        null,
        null,
        1,
        null,
        null,
        1,
        null,
        null,
        null,
        null
      ],
      "C:/Users/NickoDC/Desktop/firstCap/config/initializers/application_controller_renderer.rb": [
        null,
        null,
        null,
        null,
        null,
        null,
        null,
        null
      ],
      "C:/Users/NickoDC/Desktop/firstCap/config/initializers/assets.rb": [
        null,
        null,
        null,
        1,
        null,
        null,
        null,
        null,
        1,
        null,
        null,
        null,
        null,
        null
      ],
      "C:/Users/NickoDC/Desktop/firstCap/config/initializers/backtrace_silencers.rb": [
        null,
        null,
        null,
        null,
        null,
        null,
        null
      ],
      "C:/Users/NickoDC/Desktop/firstCap/config/initializers/cookies_serializer.rb": [
        null,
        null,
        null,
        null,
        1
      ],
      "C:/Users/NickoDC/Desktop/firstCap/config/initializers/filter_parameter_logging.rb": [
        null,
        null,
        null,
        1
      ],
      "C:/Users/NickoDC/Desktop/firstCap/config/initializers/inflections.rb": [
        null,
        null,
        null,
        null,
        null,
        null,
        null,
        null,
        null,
        null,
        null,
        null,
        null,
        null,
        null,
        null
      ],
      "C:/Users/NickoDC/Desktop/firstCap/config/initializers/mime_types.rb": [
        null,
        null,
        null,
        null
      ],
      "C:/Users/NickoDC/Desktop/firstCap/config/initializers/wrap_parameters.rb": [
        null,
        null,
        null,
        null,
        null,
        null,
        1,
        2,
        null,
        null,
        null,
        null,
        null,
        null
      ],
      "C:/Users/NickoDC/Desktop/firstCap/app/channels/application_cable/channel.rb": [
        1,
        1,
        null,
        null
      ],
      "C:/Users/NickoDC/Desktop/firstCap/app/channels/application_cable/connection.rb": [
        1,
        1,
        null,
        null
      ],
      "C:/Users/NickoDC/Desktop/firstCap/app/controllers/application_controller.rb": [
        1,
        1,
        null
      ],
      "C:/Users/NickoDC/Desktop/firstCap/app/helpers/application_helper.rb": [
        1,
        null
      ],
      "C:/Users/NickoDC/Desktop/firstCap/app/controllers/events_controller.rb": [
        1,
        null,
        1,
        0,
        0,
        null,
        null,
        1,
        0,
        0,
        null,
        null,
        1,
        0,
        0,
        null,
        null,
        1,
        0,
        0,
        0,
        null,
        0,
        null,
        null,
        null,
        1,
        0,
        0,
        null,
        null,
        1,
        0,
        0,
        0,
        null,
        0,
        null,
        null,
        null,
        1,
        0,
        0,
        0,
        null,
        null,
        1,
        1,
        0,
        null,
        null,
        null
      ],
      "C:/Users/NickoDC/Desktop/firstCap/app/jobs/application_job.rb": [
        1,
        null
      ],
      "C:/Users/NickoDC/Desktop/firstCap/app/mailers/application_mailer.rb": [
        1,
        1,
        1,
        null
      ],
      "C:/Users/NickoDC/Desktop/firstCap/app/models/application_record.rb": [
        1,
        1,
        null
      ],
      "C:/Users/NickoDC/Desktop/firstCap/app/models/event.rb": [
        1,
        1,
        1,
        1,
        1,
        null
      ],
      "C:/Users/NickoDC/Desktop/firstCap/config/routes.rb": [
        1,
        null,
        null
      ],
      "C:/Users/NickoDC/Desktop/firstCap/spec/features/add_event_pages_spec.rb": [
        1,
        null,
        1,
        1,
        1,
        0,
        0,
        0,
        0,
        0,
        0,
        0,
        null,
        null,
        1,
        1,
        0,
        0,
        null,
        null,
        null,
        1,
        1,
        1,
        1,
        0,
        0,
        0,
        0,
        null,
        null
      ]
    },
    "timestamp": 1526557056
  }
}
